app/build/intermediates/manifest_merge_blame_file/release/manifest-merger-blame-release-report.txt
1<?xml version="1.0" encoding="utf-8"?>
2<manifest xmlns:android="http://schemas.android.com/apk/res/android"
3    package="com.siyaram.apps"
4    android:versionCode="18"
5    android:versionName="4.0" >
6
7    <uses-sdk
8        android:minSdkVersion="19"
8-->src/main/AndroidManifest.xml
9        android:targetSdkVersion="29" />
9-->src/main/AndroidManifest.xml
10
11    <uses-feature android:name="android.hardware.camera.autofocus" />
11-->src/main/AndroidManifest.xml:135:5-70
11-->src/main/AndroidManifest.xml:135:19-67
12    <uses-feature android:name="android.hardware.camera" />
12-->src/main/AndroidManifest.xml:137:5-60
12-->src/main/AndroidManifest.xml:137:19-57
13
14    <uses-permission android:name="android.permission.CAMERA" />
14-->src/main/AndroidManifest.xml:138:5-65
14-->src/main/AndroidManifest.xml:138:22-62
15    <uses-permission android:name="android.permission.RECORD_AUDIO" />
15-->src/main/AndroidManifest.xml:139:5-71
15-->src/main/AndroidManifest.xml:139:22-68
16    <uses-permission android:name="android.permission.VIBRATE" />
16-->src/main/AndroidManifest.xml:140:5-66
16-->src/main/AndroidManifest.xml:140:22-63
17    <uses-permission android:name="android.permission.ACCESS_NETWORK_STATE" />
17-->src/main/AndroidManifest.xml:141:5-79
17-->src/main/AndroidManifest.xml:141:22-76
18    <uses-permission android:name="android.permission.INTERNET" />
18-->src/main/AndroidManifest.xml:142:5-67
18-->src/main/AndroidManifest.xml:142:22-64
19    <uses-permission android:name="android.permission.WRITE_EXTERNAL_STORAGE" />
19-->src/main/AndroidManifest.xml:144:5-81
19-->src/main/AndroidManifest.xml:144:22-78
20    <uses-permission android:name="android.permission.WAKE_LOCK" />
20-->[androidx.work:work-runtime:2.3.4] AndroidManifest.xml:25:5-68
20-->[androidx.work:work-runtime:2.3.4] AndroidManifest.xml:25:22-65
21    <uses-permission android:name="android.permission.RECEIVE_BOOT_COMPLETED" />
21-->[androidx.work:work-runtime:2.3.4] AndroidManifest.xml:27:5-81
21-->[androidx.work:work-runtime:2.3.4] AndroidManifest.xml:27:22-78
22    <uses-permission android:name="android.permission.FOREGROUND_SERVICE" /> <!-- Create a unique permission for your app and use it so only your app can receive your OneSignal messages. -->
22-->[androidx.work:work-runtime:2.3.4] AndroidManifest.xml:28:5-77
22-->[androidx.work:work-runtime:2.3.4] AndroidManifest.xml:28:22-74
23    <permission
23-->[com.onesignal:OneSignal:3.13.1] AndroidManifest.xml:7:5-9:47
24        android:name="com.siyaram.apps.permission.C2D_MESSAGE"
24-->[com.onesignal:OneSignal:3.13.1] AndroidManifest.xml:8:9-63
25        android:protectionLevel="signature" />
25-->[com.onesignal:OneSignal:3.13.1] AndroidManifest.xml:9:9-44
26
27    <uses-permission android:name="com.siyaram.apps.permission.C2D_MESSAGE" />
27-->[com.onesignal:OneSignal:3.13.1] AndroidManifest.xml:11:5-79
27-->[com.onesignal:OneSignal:3.13.1] AndroidManifest.xml:11:22-76
28    <uses-permission android:name="com.google.android.c2dm.permission.RECEIVE" /> <!-- START: ShortcutBadger -->
28-->[com.onesignal:OneSignal:3.13.1] AndroidManifest.xml:17:5-82
28-->[com.onesignal:OneSignal:3.13.1] AndroidManifest.xml:17:22-79
29    <!-- Samsung -->
30    <uses-permission android:name="com.sec.android.provider.badge.permission.READ" />
30-->[com.onesignal:OneSignal:3.13.1] AndroidManifest.xml:31:5-86
30-->[com.onesignal:OneSignal:3.13.1] AndroidManifest.xml:31:22-83
31    <uses-permission android:name="com.sec.android.provider.badge.permission.WRITE" /> <!-- HTC -->
31-->[com.onesignal:OneSignal:3.13.1] AndroidManifest.xml:32:5-87
31-->[com.onesignal:OneSignal:3.13.1] AndroidManifest.xml:32:22-84
32    <uses-permission android:name="com.htc.launcher.permission.READ_SETTINGS" />
32-->[com.onesignal:OneSignal:3.13.1] AndroidManifest.xml:33:5-81
32-->[com.onesignal:OneSignal:3.13.1] AndroidManifest.xml:33:22-78
33    <uses-permission android:name="com.htc.launcher.permission.UPDATE_SHORTCUT" /> <!-- Sony -->
33-->[com.onesignal:OneSignal:3.13.1] AndroidManifest.xml:34:5-83
33-->[com.onesignal:OneSignal:3.13.1] AndroidManifest.xml:34:22-80
34    <uses-permission android:name="com.sonyericsson.home.permission.BROADCAST_BADGE" />
34-->[com.onesignal:OneSignal:3.13.1] AndroidManifest.xml:35:5-88
34-->[com.onesignal:OneSignal:3.13.1] AndroidManifest.xml:35:22-85
35    <uses-permission android:name="com.sonymobile.home.permission.PROVIDER_INSERT_BADGE" /> <!-- Apex -->
35-->[com.onesignal:OneSignal:3.13.1] AndroidManifest.xml:36:5-92
35-->[com.onesignal:OneSignal:3.13.1] AndroidManifest.xml:36:22-89
36    <uses-permission android:name="com.anddoes.launcher.permission.UPDATE_COUNT" /> <!-- Solid -->
36-->[com.onesignal:OneSignal:3.13.1] AndroidManifest.xml:37:5-84
36-->[com.onesignal:OneSignal:3.13.1] AndroidManifest.xml:37:22-81
37    <uses-permission android:name="com.majeur.launcher.permission.UPDATE_BADGE" /> <!-- Huawei -->
37-->[com.onesignal:OneSignal:3.13.1] AndroidManifest.xml:38:5-83
37-->[com.onesignal:OneSignal:3.13.1] AndroidManifest.xml:38:22-80
38    <uses-permission android:name="com.huawei.android.launcher.permission.CHANGE_BADGE" />
38-->[com.onesignal:OneSignal:3.13.1] AndroidManifest.xml:39:5-91
38-->[com.onesignal:OneSignal:3.13.1] AndroidManifest.xml:39:22-88
39    <uses-permission android:name="com.huawei.android.launcher.permission.READ_SETTINGS" />
39-->[com.onesignal:OneSignal:3.13.1] AndroidManifest.xml:40:5-92
39-->[com.onesignal:OneSignal:3.13.1] AndroidManifest.xml:40:22-89
40    <uses-permission android:name="com.huawei.android.launcher.permission.WRITE_SETTINGS" /> <!-- ZUK -->
40-->[com.onesignal:OneSignal:3.13.1] AndroidManifest.xml:41:5-93
40-->[com.onesignal:OneSignal:3.13.1] AndroidManifest.xml:41:22-90
41    <uses-permission android:name="android.permission.READ_APP_BADGE" /> <!-- OPPO -->
41-->[com.onesignal:OneSignal:3.13.1] AndroidManifest.xml:42:5-73
41-->[com.onesignal:OneSignal:3.13.1] AndroidManifest.xml:42:22-70
42    <uses-permission android:name="com.oppo.launcher.permission.READ_SETTINGS" />
42-->[com.onesignal:OneSignal:3.13.1] AndroidManifest.xml:43:5-82
42-->[com.onesignal:OneSignal:3.13.1] AndroidManifest.xml:43:22-79
43    <uses-permission android:name="com.oppo.launcher.permission.WRITE_SETTINGS" /> <!-- EvMe -->
43-->[com.onesignal:OneSignal:3.13.1] AndroidManifest.xml:44:5-83
43-->[com.onesignal:OneSignal:3.13.1] AndroidManifest.xml:44:22-80
44    <uses-permission android:name="me.everything.badger.permission.BADGE_COUNT_READ" />
44-->[com.onesignal:OneSignal:3.13.1] AndroidManifest.xml:45:5-88
44-->[com.onesignal:OneSignal:3.13.1] AndroidManifest.xml:45:22-85
45    <uses-permission android:name="me.everything.badger.permission.BADGE_COUNT_WRITE" />
45-->[com.onesignal:OneSignal:3.13.1] AndroidManifest.xml:46:5-89
45-->[com.onesignal:OneSignal:3.13.1] AndroidManifest.xml:46:22-86
46
47    <application
47-->src/main/AndroidManifest.xml:6:5-134:19
48        android:name="com.verbosetech.weshare.application.BaseApplication"
48-->src/main/AndroidManifest.xml:7:9-52
49        android:allowBackup="true"
49-->src/main/AndroidManifest.xml:8:9-35
50        android:appComponentFactory="androidx.core.app.CoreComponentFactory"
50-->[androidx.core:core:1.1.0] AndroidManifest.xml:24:18-86
51        android:icon="@mipmap/ic_launcher_siyanram"
51-->src/main/AndroidManifest.xml:9:9-52
52        android:label="@string/app_name"
52-->src/main/AndroidManifest.xml:10:9-41
53        android:requestLegacyExternalStorage="true"
53-->src/main/AndroidManifest.xml:11:9-52
54        android:roundIcon="@mipmap/ic_launcher_siyanram_round"
54-->src/main/AndroidManifest.xml:12:9-63
55        android:supportsRtl="true"
55-->src/main/AndroidManifest.xml:13:9-35
56        android:theme="@style/AppTheme"
56-->src/main/AndroidManifest.xml:14:9-40
57        android:usesCleartextTraffic="true" >
57-->src/main/AndroidManifest.xml:15:9-44
58        <activity android:name="com.verbosetech.weshare.activity.CategoryActivity" />
58-->src/main/AndroidManifest.xml:17:9-72
58-->src/main/AndroidManifest.xml:17:19-60
59        <activity android:name="com.verbosetech.weshare.activity.WebViewActivity" />
59-->src/main/AndroidManifest.xml:18:9-62
59-->src/main/AndroidManifest.xml:18:19-59
60        <activity
60-->src/main/AndroidManifest.xml:19:9-21:46
61            android:name="com.verbosetech.weshare.activity.EditOptionActivity"
61-->src/main/AndroidManifest.xml:20:13-56
62            android:theme="@style/MyTheme" />
62-->src/main/AndroidManifest.xml:21:13-43
63        <activity android:name="com.verbosetech.weshare.activity.AddDetailActivity" />
63-->src/main/AndroidManifest.xml:22:9-64
63-->src/main/AndroidManifest.xml:22:19-61
64        <activity android:name="com.verbosetech.weshare.activity.PaymentActivity" />
64-->src/main/AndroidManifest.xml:23:9-62
64-->src/main/AndroidManifest.xml:23:19-59
65        <activity
65-->src/main/AndroidManifest.xml:24:9-27:48
66            android:name="com.facebook.FacebookActivity"
66-->src/main/AndroidManifest.xml:25:13-57
67            android:configChanges="keyboard|keyboardHidden|screenLayout|screenSize|orientation"
67-->src/main/AndroidManifest.xml:26:13-96
68            android:label="@string/app_name"
68-->src/main/AndroidManifest.xml:27:13-45
69            android:theme="@style/com_facebook_activity_theme" />
69-->[com.facebook.android:facebook-common:5.13.0] AndroidManifest.xml:32:13-63
70        <activity
70-->src/main/AndroidManifest.xml:28:9-39:20
71            android:name="com.facebook.CustomTabActivity"
71-->src/main/AndroidManifest.xml:29:13-58
72            android:exported="true" >
72-->src/main/AndroidManifest.xml:30:13-36
73            <intent-filter>
73-->src/main/AndroidManifest.xml:31:13-38:29
74                <action android:name="android.intent.action.VIEW" />
74-->src/main/AndroidManifest.xml:32:17-69
74-->src/main/AndroidManifest.xml:32:25-66
75
76                <category android:name="android.intent.category.DEFAULT" />
76-->src/main/AndroidManifest.xml:34:17-76
76-->src/main/AndroidManifest.xml:34:27-73
77                <category android:name="android.intent.category.BROWSABLE" />
77-->src/main/AndroidManifest.xml:35:17-78
77-->src/main/AndroidManifest.xml:35:27-75
78
79                <data android:scheme="@string/fb_login_protocol_scheme" />
79-->src/main/AndroidManifest.xml:37:17-75
79-->src/main/AndroidManifest.xml:37:23-72
80            </intent-filter>
81        </activity>
82        <activity
82-->src/main/AndroidManifest.xml:40:9-63:20
83            android:name="com.verbosetech.weshare.activity.SplashScreenActivity"
83-->src/main/AndroidManifest.xml:41:13-58
84            android:screenOrientation="portrait"
84-->src/main/AndroidManifest.xml:42:13-49
85            android:theme="@style/Splash"
85-->src/main/AndroidManifest.xml:43:13-42
86            android:windowSoftInputMode="stateHidden" >
86-->src/main/AndroidManifest.xml:44:13-54
87            <intent-filter>
87-->src/main/AndroidManifest.xml:45:13-49:29
88                <action android:name="android.intent.action.MAIN" />
88-->src/main/AndroidManifest.xml:46:17-69
88-->src/main/AndroidManifest.xml:46:25-66
89
90                <category android:name="android.intent.category.LAUNCHER" />
90-->src/main/AndroidManifest.xml:48:17-77
90-->src/main/AndroidManifest.xml:48:27-74
91            </intent-filter>
92            <intent-filter android:autoVerify="true" >
92-->src/main/AndroidManifest.xml:50:13-62:29
92-->src/main/AndroidManifest.xml:50:28-53
93                <action android:name="android.intent.action.VIEW" />
93-->src/main/AndroidManifest.xml:32:17-69
93-->src/main/AndroidManifest.xml:32:25-66
94
95                <category android:name="android.intent.category.DEFAULT" />
95-->src/main/AndroidManifest.xml:34:17-76
95-->src/main/AndroidManifest.xml:34:27-73
96                <category android:name="android.intent.category.BROWSABLE" />
96-->src/main/AndroidManifest.xml:35:17-78
96-->src/main/AndroidManifest.xml:35:27-75
97
98                <data
98-->src/main/AndroidManifest.xml:37:17-75
99                    android:host="@string/dynamic_link_domain"
99-->src/main/AndroidManifest.xml:57:21-63
100                    android:scheme="http" />
100-->src/main/AndroidManifest.xml:37:23-72
101                <data
101-->src/main/AndroidManifest.xml:37:17-75
102                    android:host="@string/dynamic_link_domain"
102-->src/main/AndroidManifest.xml:57:21-63
103                    android:scheme="https" />
103-->src/main/AndroidManifest.xml:37:23-72
104            </intent-filter>
105        </activity>
106        <activity
106-->src/main/AndroidManifest.xml:64:9-67:55
107            android:name="com.verbosetech.weshare.activity.MainActivity"
107-->src/main/AndroidManifest.xml:65:13-50
108            android:screenOrientation="portrait"
108-->src/main/AndroidManifest.xml:66:13-49
109            android:windowSoftInputMode="adjustPan" />
109-->src/main/AndroidManifest.xml:67:13-52
110        <activity
110-->src/main/AndroidManifest.xml:68:9-70:52
111            android:name="com.verbosetech.weshare.activity.SettingsActivity"
111-->src/main/AndroidManifest.xml:69:13-54
112            android:screenOrientation="portrait" />
112-->src/main/AndroidManifest.xml:70:13-49
113        <activity
113-->src/main/AndroidManifest.xml:71:9-74:55
114            android:name="com.verbosetech.weshare.activity.DetailHomeItemActivity"
114-->src/main/AndroidManifest.xml:72:13-60
115            android:screenOrientation="portrait"
115-->src/main/AndroidManifest.xml:73:13-49
116            android:windowSoftInputMode="adjustPan" />
116-->src/main/AndroidManifest.xml:74:13-52
117        <activity
117-->src/main/AndroidManifest.xml:75:9-78:70
118            android:name="com.verbosetech.weshare.activity.UserProfileDetailActivity"
118-->src/main/AndroidManifest.xml:76:13-63
119            android:screenOrientation="portrait"
119-->src/main/AndroidManifest.xml:77:13-49
120            android:windowSoftInputMode="stateHidden|adjustResize" />
120-->src/main/AndroidManifest.xml:78:13-67
121        <activity
121-->src/main/AndroidManifest.xml:79:9-82:70
122            android:name="com.verbosetech.weshare.activity.FollowerFollowingActivity"
122-->src/main/AndroidManifest.xml:80:13-63
123            android:screenOrientation="portrait"
123-->src/main/AndroidManifest.xml:81:13-49
124            android:windowSoftInputMode="stateHidden|adjustResize" />
124-->src/main/AndroidManifest.xml:82:13-67
125        <activity
125-->src/main/AndroidManifest.xml:83:9-86:70
126            android:name="com.verbosetech.weshare.activity.FeedbackActivity"
126-->src/main/AndroidManifest.xml:84:13-54
127            android:screenOrientation="portrait"
127-->src/main/AndroidManifest.xml:85:13-49
128            android:windowSoftInputMode="stateHidden|adjustResize" />
128-->src/main/AndroidManifest.xml:86:13-67
129        <activity
129-->src/main/AndroidManifest.xml:87:9-90:70
130            android:name="com.verbosetech.weshare.activity.EditProfileActivityActivity"
130-->src/main/AndroidManifest.xml:88:13-65
131            android:screenOrientation="portrait"
131-->src/main/AndroidManifest.xml:89:13-49
132            android:windowSoftInputMode="stateHidden|adjustResize" />
132-->src/main/AndroidManifest.xml:90:13-67
133        <activity
133-->src/main/AndroidManifest.xml:91:9-94:57
134            android:name="com.verbosetech.weshare.activity.StatusActivity"
134-->src/main/AndroidManifest.xml:92:13-52
135            android:screenOrientation="portrait"
135-->src/main/AndroidManifest.xml:93:13-49
136            android:windowSoftInputMode="stateHidden" />
136-->src/main/AndroidManifest.xml:94:13-54
137        <activity
137-->src/main/AndroidManifest.xml:95:9-98:57
138            android:name="com.verbosetech.weshare.activity.MessagesActivity"
138-->src/main/AndroidManifest.xml:96:13-54
139            android:screenOrientation="portrait"
139-->src/main/AndroidManifest.xml:97:13-49
140            android:windowSoftInputMode="stateHidden" />
140-->src/main/AndroidManifest.xml:98:13-54
141        <activity
141-->src/main/AndroidManifest.xml:99:9-102:57
142            android:name="com.verbosetech.weshare.activity.BookmarksActivity"
142-->src/main/AndroidManifest.xml:100:13-55
143            android:screenOrientation="portrait"
143-->src/main/AndroidManifest.xml:101:13-49
144            android:windowSoftInputMode="stateHidden" />
144-->src/main/AndroidManifest.xml:102:13-54
145        <activity
145-->src/main/AndroidManifest.xml:103:9-105:52
146            android:name="com.verbosetech.weshare.activity.ImageViewerActivity"
146-->src/main/AndroidManifest.xml:104:13-57
147            android:screenOrientation="portrait" />
147-->src/main/AndroidManifest.xml:105:13-49
148        <activity
148-->src/main/AndroidManifest.xml:106:9-109:59
149            android:name="com.theartofdev.edmodo.cropper.CropImageActivity"
149-->src/main/AndroidManifest.xml:107:13-76
150            android:screenOrientation="portrait"
150-->src/main/AndroidManifest.xml:108:13-49
151            android:theme="@style/Base.Theme.AppCompat" />
151-->src/main/AndroidManifest.xml:109:13-56
152
153        <meta-data
153-->src/main/AndroidManifest.xml:111:9-113:55
154            android:name="com.facebook.sdk.ApplicationId"
154-->src/main/AndroidManifest.xml:112:13-58
155            android:value="@string/facebook_app_id" />
155-->src/main/AndroidManifest.xml:113:13-52
156        <meta-data
156-->src/main/AndroidManifest.xml:114:9-116:70
157            android:name="com.google.android.gms.ads.APPLICATION_ID"
157-->src/main/AndroidManifest.xml:115:13-69
158            android:value="ca-app-pub-4333945898832775~9368911725" />
158-->src/main/AndroidManifest.xml:116:13-67
159        <meta-data
159-->src/main/AndroidManifest.xml:117:9-119:55
160            android:name="com.razorpay.ApiKey"
160-->src/main/AndroidManifest.xml:118:13-47
161            android:value="rzp_live_H0Zp4A5282OyOj" />
161-->src/main/AndroidManifest.xml:119:13-52
162        <meta-data
162-->src/main/AndroidManifest.xml:120:9-122:57
163            android:name="preloaded_fonts"
163-->src/main/AndroidManifest.xml:121:13-43
164            android:resource="@array/preloaded_fonts" />
164-->src/main/AndroidManifest.xml:122:13-54
165
166        <provider
166-->src/main/AndroidManifest.xml:124:9-133:20
167            android:name="com.verbosetech.weshare.util.MyFileProvider"
167-->src/main/AndroidManifest.xml:125:13-48
168            android:authorities="@string/authority"
168-->src/main/AndroidManifest.xml:126:13-52
169            android:exported="false"
169-->src/main/AndroidManifest.xml:127:13-37
170            android:grantUriPermissions="true" >
170-->src/main/AndroidManifest.xml:128:13-47
171            <meta-data
171-->src/main/AndroidManifest.xml:130:13-132:58
172                android:name="android.support.FILE_PROVIDER_PATHS"
172-->src/main/AndroidManifest.xml:131:17-67
173                android:resource="@xml/provider_paths" />
173-->src/main/AndroidManifest.xml:132:17-55
174        </provider>
175
176        <service
176-->[com.google.firebase:firebase-database:19.2.1] AndroidManifest.xml:29:9-35:19
177            android:name="com.google.firebase.components.ComponentDiscoveryService"
177-->[com.google.firebase:firebase-database:19.2.1] AndroidManifest.xml:30:13-84
178            android:directBootAware="true"
178-->[com.google.firebase:firebase-common:19.3.0] AndroidManifest.xml:34:13-43
179            android:exported="false" >
179-->[com.google.firebase:firebase-database:19.2.1] AndroidManifest.xml:31:13-37
180            <meta-data
180-->[com.google.firebase:firebase-database:19.2.1] AndroidManifest.xml:32:13-34:85
181                android:name="com.google.firebase.components:com.google.firebase.database.DatabaseRegistrar"
181-->[com.google.firebase:firebase-database:19.2.1] AndroidManifest.xml:33:17-109
182                android:value="com.google.firebase.components.ComponentRegistrar" />
182-->[com.google.firebase:firebase-database:19.2.1] AndroidManifest.xml:34:17-82
183            <meta-data
183-->[com.google.firebase:firebase-storage:19.1.1] AndroidManifest.xml:33:13-35:85
184                android:name="com.google.firebase.components:com.google.firebase.storage.StorageRegistrar"
184-->[com.google.firebase:firebase-storage:19.1.1] AndroidManifest.xml:34:17-107
185                android:value="com.google.firebase.components.ComponentRegistrar" />
185-->[com.google.firebase:firebase-storage:19.1.1] AndroidManifest.xml:35:17-82
186            <meta-data
186-->[com.google.firebase:firebase-auth:19.3.0] AndroidManifest.xml:36:13-38:85
187                android:name="com.google.firebase.components:com.google.firebase.auth.FirebaseAuthRegistrar"
187-->[com.google.firebase:firebase-auth:19.3.0] AndroidManifest.xml:37:17-109
188                android:value="com.google.firebase.components.ComponentRegistrar" />
188-->[com.google.firebase:firebase-auth:19.3.0] AndroidManifest.xml:38:17-82
189            <meta-data
189-->[com.google.firebase:firebase-dynamic-links:19.1.0] AndroidManifest.xml:9:13-11:85
190                android:name="com.google.firebase.components:com.google.firebase.dynamiclinks.internal.FirebaseDynamicLinkRegistrar"
190-->[com.google.firebase:firebase-dynamic-links:19.1.0] AndroidManifest.xml:10:17-133
191                android:value="com.google.firebase.components.ComponentRegistrar" />
191-->[com.google.firebase:firebase-dynamic-links:19.1.0] AndroidManifest.xml:11:17-82
192            <meta-data
192-->[com.google.firebase:firebase-iid:17.0.3] AndroidManifest.xml:32:13-34:85
193                android:name="com.google.firebase.components:com.google.firebase.iid.Registrar"
193-->[com.google.firebase:firebase-iid:17.0.3] AndroidManifest.xml:33:17-96
194                android:value="com.google.firebase.components.ComponentRegistrar" />
194-->[com.google.firebase:firebase-iid:17.0.3] AndroidManifest.xml:34:17-82
195        </service>
196
197        <activity
197-->[com.google.firebase:firebase-auth:19.3.0] AndroidManifest.xml:24:9-31:50
198            android:name="com.google.firebase.auth.internal.FederatedSignInActivity"
198-->[com.google.firebase:firebase-auth:19.3.0] AndroidManifest.xml:25:13-85
199            android:excludeFromRecents="true"
199-->[com.google.firebase:firebase-auth:19.3.0] AndroidManifest.xml:26:13-46
200            android:exported="true"
200-->[com.google.firebase:firebase-auth:19.3.0] AndroidManifest.xml:27:13-36
201            android:launchMode="singleTask"
201-->[com.google.firebase:firebase-auth:19.3.0] AndroidManifest.xml:28:13-44
202            android:permission="com.google.firebase.auth.api.gms.permission.LAUNCH_FEDERATED_SIGN_IN"
202-->[com.google.firebase:firebase-auth:19.3.0] AndroidManifest.xml:29:13-102
203            android:theme="@android:style/Theme.Translucent.NoTitleBar" />
203-->[com.google.firebase:firebase-auth:19.3.0] AndroidManifest.xml:30:13-72
204
205        <provider
205-->[androidx.work:work-runtime:2.3.4] AndroidManifest.xml:31:9-37:35
206            android:name="androidx.work.impl.WorkManagerInitializer"
206-->[androidx.work:work-runtime:2.3.4] AndroidManifest.xml:32:13-69
207            android:authorities="com.siyaram.apps.workmanager-init"
207-->[androidx.work:work-runtime:2.3.4] AndroidManifest.xml:33:13-68
208            android:directBootAware="false"
208-->[androidx.work:work-runtime:2.3.4] AndroidManifest.xml:34:13-44
209            android:exported="false"
209-->[androidx.work:work-runtime:2.3.4] AndroidManifest.xml:35:13-37
210            android:multiprocess="true" />
210-->[androidx.work:work-runtime:2.3.4] AndroidManifest.xml:36:13-40
211
212        <service
212-->[androidx.work:work-runtime:2.3.4] AndroidManifest.xml:39:9-44:35
213            android:name="androidx.work.impl.background.systemalarm.SystemAlarmService"
213-->[androidx.work:work-runtime:2.3.4] AndroidManifest.xml:40:13-88
214            android:directBootAware="false"
214-->[androidx.work:work-runtime:2.3.4] AndroidManifest.xml:41:13-44
215            android:enabled="@bool/enable_system_alarm_service_default"
215-->[androidx.work:work-runtime:2.3.4] AndroidManifest.xml:42:13-72
216            android:exported="false" />
216-->[androidx.work:work-runtime:2.3.4] AndroidManifest.xml:43:13-37
217        <service
217-->[androidx.work:work-runtime:2.3.4] AndroidManifest.xml:45:9-51:35
218            android:name="androidx.work.impl.background.systemjob.SystemJobService"
218-->[androidx.work:work-runtime:2.3.4] AndroidManifest.xml:46:13-84
219            android:directBootAware="false"
219-->[androidx.work:work-runtime:2.3.4] AndroidManifest.xml:47:13-44
220            android:enabled="@bool/enable_system_job_service_default"
220-->[androidx.work:work-runtime:2.3.4] AndroidManifest.xml:48:13-70
221            android:exported="true"
221-->[androidx.work:work-runtime:2.3.4] AndroidManifest.xml:49:13-36
222            android:permission="android.permission.BIND_JOB_SERVICE" />
222-->[androidx.work:work-runtime:2.3.4] AndroidManifest.xml:50:13-69
223        <service
223-->[androidx.work:work-runtime:2.3.4] AndroidManifest.xml:52:9-57:35
224            android:name="androidx.work.impl.foreground.SystemForegroundService"
224-->[androidx.work:work-runtime:2.3.4] AndroidManifest.xml:53:13-81
225            android:directBootAware="false"
225-->[androidx.work:work-runtime:2.3.4] AndroidManifest.xml:54:13-44
226            android:enabled="@bool/enable_system_foreground_service_default"
226-->[androidx.work:work-runtime:2.3.4] AndroidManifest.xml:55:13-77
227            android:exported="false" />
227-->[androidx.work:work-runtime:2.3.4] AndroidManifest.xml:56:13-37
228
229        <receiver
229-->[androidx.work:work-runtime:2.3.4] AndroidManifest.xml:59:9-64:35
230            android:name="androidx.work.impl.utils.ForceStopRunnable$BroadcastReceiver"
230-->[androidx.work:work-runtime:2.3.4] AndroidManifest.xml:60:13-88
231            android:directBootAware="false"
231-->[androidx.work:work-runtime:2.3.4] AndroidManifest.xml:61:13-44
232            android:enabled="true"
232-->[androidx.work:work-runtime:2.3.4] AndroidManifest.xml:62:13-35
233            android:exported="false" />
233-->[androidx.work:work-runtime:2.3.4] AndroidManifest.xml:63:13-37
234        <receiver
234-->[androidx.work:work-runtime:2.3.4] AndroidManifest.xml:65:9-75:20
235            android:name="androidx.work.impl.background.systemalarm.ConstraintProxy$BatteryChargingProxy"
235-->[androidx.work:work-runtime:2.3.4] AndroidManifest.xml:66:13-106
236            android:directBootAware="false"
236-->[androidx.work:work-runtime:2.3.4] AndroidManifest.xml:67:13-44
237            android:enabled="false"
237-->[androidx.work:work-runtime:2.3.4] AndroidManifest.xml:68:13-36
238            android:exported="false" >
238-->[androidx.work:work-runtime:2.3.4] AndroidManifest.xml:69:13-37
239            <intent-filter>
239-->[androidx.work:work-runtime:2.3.4] AndroidManifest.xml:71:13-74:29
240                <action android:name="android.intent.action.ACTION_POWER_CONNECTED" />
240-->[androidx.work:work-runtime:2.3.4] AndroidManifest.xml:72:17-87
240-->[androidx.work:work-runtime:2.3.4] AndroidManifest.xml:72:25-84
241                <action android:name="android.intent.action.ACTION_POWER_DISCONNECTED" />
241-->[androidx.work:work-runtime:2.3.4] AndroidManifest.xml:73:17-90
241-->[androidx.work:work-runtime:2.3.4] AndroidManifest.xml:73:25-87
242            </intent-filter>
243        </receiver>
244        <receiver
244-->[androidx.work:work-runtime:2.3.4] AndroidManifest.xml:76:9-86:20
245            android:name="androidx.work.impl.background.systemalarm.ConstraintProxy$BatteryNotLowProxy"
245-->[androidx.work:work-runtime:2.3.4] AndroidManifest.xml:77:13-104
246            android:directBootAware="false"
246-->[androidx.work:work-runtime:2.3.4] AndroidManifest.xml:78:13-44
247            android:enabled="false"
247-->[androidx.work:work-runtime:2.3.4] AndroidManifest.xml:79:13-36
248            android:exported="false" >
248-->[androidx.work:work-runtime:2.3.4] AndroidManifest.xml:80:13-37
249            <intent-filter>
249-->[androidx.work:work-runtime:2.3.4] AndroidManifest.xml:82:13-85:29
250                <action android:name="android.intent.action.BATTERY_OKAY" />
250-->[androidx.work:work-runtime:2.3.4] AndroidManifest.xml:83:17-77
250-->[androidx.work:work-runtime:2.3.4] AndroidManifest.xml:83:25-74
251                <action android:name="android.intent.action.BATTERY_LOW" />
251-->[androidx.work:work-runtime:2.3.4] AndroidManifest.xml:84:17-76
251-->[androidx.work:work-runtime:2.3.4] AndroidManifest.xml:84:25-73
252            </intent-filter>
253        </receiver>
254        <receiver
254-->[androidx.work:work-runtime:2.3.4] AndroidManifest.xml:87:9-97:20
255            android:name="androidx.work.impl.background.systemalarm.ConstraintProxy$StorageNotLowProxy"
255-->[androidx.work:work-runtime:2.3.4] AndroidManifest.xml:88:13-104
256            android:directBootAware="false"
256-->[androidx.work:work-runtime:2.3.4] AndroidManifest.xml:89:13-44
257            android:enabled="false"
257-->[androidx.work:work-runtime:2.3.4] AndroidManifest.xml:90:13-36
258            android:exported="false" >
258-->[androidx.work:work-runtime:2.3.4] AndroidManifest.xml:91:13-37
259            <intent-filter>
259-->[androidx.work:work-runtime:2.3.4] AndroidManifest.xml:93:13-96:29
260                <action android:name="android.intent.action.DEVICE_STORAGE_LOW" />
260-->[androidx.work:work-runtime:2.3.4] AndroidManifest.xml:94:17-83
260-->[androidx.work:work-runtime:2.3.4] AndroidManifest.xml:94:25-80
261                <action android:name="android.intent.action.DEVICE_STORAGE_OK" />
261-->[androidx.work:work-runtime:2.3.4] AndroidManifest.xml:95:17-82
261-->[androidx.work:work-runtime:2.3.4] AndroidManifest.xml:95:25-79
262            </intent-filter>
263        </receiver>